<?xml version="1.0" encoding="UTF-8"?>
<!-- Generated by org.testng.reporters.JUnitReportReporter -->
<testsuite hostname="topka-PC" name="com.netease.demo.TestNg" tests="2" failures="0" timestamp="15 Mar 2013 08:21:57 GMT" time="11.605" errors="0">
  <testcase name="doTest" time="6.998" classname="com.netease.demo.TestNg"/>
  <testcase name="doTest" time="4.607" classname="com.netease.demo.TestNg"/>
</testsuite> <!-- com.netease.demo.TestNg -->
